{"C:\\Users\\sufaira\\Desktop\\test-herogram\\backend\\knexfile.js": {"path":"C:\\Users\\sufaira\\Desktop\\test-herogram\\backend\\knexfile.js","statementMap":{"0":{"start":{"line":1,"column":0},"end":{"line":1,"column":27}},"1":{"start":{"line":3,"column":0},"end":{"line":51,"column":2}}},"fnMap":{},"branchMap":{},"s":{"0":2,"1":2},"f":{},"b":{},"_coverageSchema":"1a1c01bbd47fc00a2c39e90264f33305004495a9","hash":"f68ffed98b56ec3c802478494705add2b19efc8f"}
,"C:\\Users\\sufaira\\Desktop\\test-herogram\\backend\\src\\db.js": {"path":"C:\\Users\\sufaira\\Desktop\\test-herogram\\backend\\src\\db.js","statementMap":{"0":{"start":{"line":1,"column":13},"end":{"line":1,"column":28}},"1":{"start":{"line":2,"column":15},"end":{"line":2,"column":40}},"2":{"start":{"line":4,"column":12},"end":{"line":4,"column":49}},"3":{"start":{"line":5,"column":11},"end":{"line":5,"column":28}},"4":{"start":{"line":7,"column":0},"end":{"line":7,"column":20}}},"fnMap":{},"branchMap":{"0":{"loc":{"start":{"line":4,"column":12},"end":{"line":4,"column":49}},"type":"binary-expr","locations":[{"start":{"line":4,"column":12},"end":{"line":4,"column":32}},{"start":{"line":4,"column":36},"end":{"line":4,"column":49}}],"line":4}},"s":{"0":2,"1":2,"2":2,"3":2,"4":2},"f":{},"b":{"0":[2,0]},"_coverageSchema":"1a1c01bbd47fc00a2c39e90264f33305004495a9","hash":"1d7dc2313bd89b25f9d9a88a08b0553f64c108bb"}
,"C:\\Users\\sufaira\\Desktop\\test-herogram\\backend\\src\\server.js": {"path":"C:\\Users\\sufaira\\Desktop\\test-herogram\\backend\\src\\server.js","statementMap":{"0":{"start":{"line":1,"column":16},"end":{"line":1,"column":34}},"1":{"start":{"line":2,"column":13},"end":{"line":2,"column":28}},"2":{"start":{"line":3,"column":13},"end":{"line":3,"column":28}},"3":{"start":{"line":4,"column":15},"end":{"line":4,"column":32}},"4":{"start":{"line":5,"column":0},"end":{"line":5,"column":27}},"5":{"start":{"line":7,"column":19},"end":{"line":7,"column":49}},"6":{"start":{"line":8,"column":19},"end":{"line":8,"column":49}},"7":{"start":{"line":9,"column":11},"end":{"line":9,"column":26}},"8":{"start":{"line":11,"column":26},"end":{"line":11,"column":54}},"9":{"start":{"line":12,"column":45},"end":{"line":12,"column":78}},"10":{"start":{"line":13,"column":40},"end":{"line":13,"column":81}},"11":{"start":{"line":15,"column":12},"end":{"line":15,"column":21}},"12":{"start":{"line":16,"column":15},"end":{"line":16,"column":37}},"13":{"start":{"line":18,"column":0},"end":{"line":18,"column":72}},"14":{"start":{"line":19,"column":0},"end":{"line":23,"column":3}},"15":{"start":{"line":24,"column":0},"end":{"line":26,"column":1}},"16":{"start":{"line":25,"column":2},"end":{"line":25,"column":66}},"17":{"start":{"line":28,"column":0},"end":{"line":32,"column":2}},"18":{"start":{"line":33,"column":0},"end":{"line":33,"column":16}},"19":{"start":{"line":34,"column":0},"end":{"line":34,"column":24}},"20":{"start":{"line":36,"column":0},"end":{"line":36,"column":33}},"21":{"start":{"line":38,"column":0},"end":{"line":42,"column":1}},"22":{"start":{"line":39,"column":2},"end":{"line":39,"column":29}},"23":{"start":{"line":40,"column":2},"end":{"line":40,"column":31}},"24":{"start":{"line":41,"column":2},"end":{"line":41,"column":29}},"25":{"start":{"line":44,"column":0},"end":{"line":46,"column":3}},"26":{"start":{"line":45,"column":2},"end":{"line":45,"column":44}},"27":{"start":{"line":49,"column":0},"end":{"line":57,"column":3}},"28":{"start":{"line":50,"column":2},"end":{"line":56,"column":3}},"29":{"start":{"line":51,"column":4},"end":{"line":51,"column":50}},"30":{"start":{"line":52,"column":4},"end":{"line":52,"column":38}},"31":{"start":{"line":54,"column":4},"end":{"line":54,"column":49}},"32":{"start":{"line":55,"column":4},"end":{"line":55,"column":37}},"33":{"start":{"line":59,"column":0},"end":{"line":59,"column":45}},"34":{"start":{"line":61,"column":0},"end":{"line":61,"column":34}},"35":{"start":{"line":64,"column":0},"end":{"line":64,"column":16}},"36":{"start":{"line":66,"column":0},"end":{"line":69,"column":3}},"37":{"start":{"line":67,"column":2},"end":{"line":67,"column":32}},"38":{"start":{"line":68,"column":2},"end":{"line":68,"column":48}},"39":{"start":{"line":71,"column":13},"end":{"line":71,"column":37}},"40":{"start":{"line":72,"column":0},"end":{"line":76,"column":1}},"41":{"start":{"line":73,"column":2},"end":{"line":75,"column":5}},"42":{"start":{"line":74,"column":4},"end":{"line":74,"column":50}},"43":{"start":{"line":78,"column":0},"end":{"line":78,"column":21}}},"fnMap":{"0":{"name":"(anonymous_0)","decl":{"start":{"line":44,"column":13},"end":{"line":44,"column":14}},"loc":{"start":{"line":44,"column":27},"end":{"line":46,"column":1}},"line":44},"1":{"name":"(anonymous_1)","decl":{"start":{"line":49,"column":20},"end":{"line":49,"column":21}},"loc":{"start":{"line":49,"column":40},"end":{"line":57,"column":1}},"line":49},"2":{"name":"(anonymous_2)","decl":{"start":{"line":66,"column":22},"end":{"line":66,"column":23}},"loc":{"start":{"line":66,"column":36},"end":{"line":69,"column":1}},"line":66},"3":{"name":"(anonymous_3)","decl":{"start":{"line":73,"column":22},"end":{"line":73,"column":23}},"loc":{"start":{"line":73,"column":28},"end":{"line":75,"column":3}},"line":73}},"branchMap":{"0":{"loc":{"start":{"line":18,"column":36},"end":{"line":18,"column":70}},"type":"binary-expr","locations":[{"start":{"line":18,"column":36},"end":{"line":18,"column":57}},{"start":{"line":18,"column":61},"end":{"line":18,"column":70}}],"line":18},"1":{"loc":{"start":{"line":20,"column":8},"end":{"line":20,"column":40}},"type":"binary-expr","locations":[{"start":{"line":20,"column":8},"end":{"line":20,"column":27}},{"start":{"line":20,"column":31},"end":{"line":20,"column":40}}],"line":20},"2":{"loc":{"start":{"line":21,"column":12},"end":{"line":21,"column":48}},"type":"binary-expr","locations":[{"start":{"line":21,"column":12},"end":{"line":21,"column":35}},{"start":{"line":21,"column":39},"end":{"line":21,"column":48}}],"line":21},"3":{"loc":{"start":{"line":22,"column":8},"end":{"line":22,"column":40}},"type":"binary-expr","locations":[{"start":{"line":22,"column":8},"end":{"line":22,"column":27}},{"start":{"line":22,"column":31},"end":{"line":22,"column":40}}],"line":22},"4":{"loc":{"start":{"line":24,"column":0},"end":{"line":26,"column":1}},"type":"if","locations":[{"start":{"line":24,"column":0},"end":{"line":26,"column":1}},{"start":{},"end":{}}],"line":24},"5":{"loc":{"start":{"line":25,"column":29},"end":{"line":25,"column":64}},"type":"binary-expr","locations":[{"start":{"line":25,"column":29},"end":{"line":25,"column":51}},{"start":{"line":25,"column":55},"end":{"line":25,"column":64}}],"line":25},"6":{"loc":{"start":{"line":38,"column":0},"end":{"line":42,"column":1}},"type":"if","locations":[{"start":{"line":38,"column":0},"end":{"line":42,"column":1}},{"start":{},"end":{}}],"line":38},"7":{"loc":{"start":{"line":71,"column":13},"end":{"line":71,"column":37}},"type":"binary-expr","locations":[{"start":{"line":71,"column":13},"end":{"line":71,"column":29}},{"start":{"line":71,"column":33},"end":{"line":71,"column":37}}],"line":71},"8":{"loc":{"start":{"line":72,"column":0},"end":{"line":76,"column":1}},"type":"if","locations":[{"start":{"line":72,"column":0},"end":{"line":76,"column":1}},{"start":{},"end":{}}],"line":72}},"s":{"0":2,"1":2,"2":2,"3":2,"4":2,"5":2,"6":2,"7":2,"8":2,"9":2,"10":2,"11":2,"12":2,"13":2,"14":2,"15":2,"16":2,"17":2,"18":2,"19":2,"20":2,"21":2,"22":0,"23":0,"24":0,"25":2,"26":1,"27":2,"28":0,"29":0,"30":0,"31":0,"32":0,"33":2,"34":2,"35":2,"36":2,"37":0,"38":0,"39":2,"40":2,"41":0,"42":0,"43":2},"f":{"0":1,"1":0,"2":0,"3":0},"b":{"0":[2,0],"1":[2,0],"2":[2,0],"3":[2,0],"4":[2,0],"5":[2,0],"6":[0,2],"7":[2,0],"8":[0,2]},"_coverageSchema":"1a1c01bbd47fc00a2c39e90264f33305004495a9","hash":"5b47fdf377bf79e1c0ea3754a335c5c71f9977b6"}
,"C:\\Users\\sufaira\\Desktop\\test-herogram\\backend\\src\\ws.js": {"path":"C:\\Users\\sufaira\\Desktop\\test-herogram\\backend\\src\\ws.js","statementMap":{"0":{"start":{"line":1,"column":18},"end":{"line":1,"column":31}},"1":{"start":{"line":6,"column":2},"end":{"line":6,"column":54}},"2":{"start":{"line":8,"column":2},"end":{"line":28,"column":5}},"3":{"start":{"line":9,"column":4},"end":{"line":9,"column":68}},"4":{"start":{"line":10,"column":4},"end":{"line":10,"column":33}},"5":{"start":{"line":12,"column":4},"end":{"line":22,"column":7}},"6":{"start":{"line":13,"column":6},"end":{"line":13,"column":62}},"7":{"start":{"line":14,"column":6},"end":{"line":21,"column":7}},"8":{"start":{"line":15,"column":21},"end":{"line":15,"column":40}},"9":{"start":{"line":16,"column":8},"end":{"line":18,"column":9}},"10":{"start":{"line":17,"column":10},"end":{"line":17,"column":44}},"11":{"start":{"line":20,"column":8},"end":{"line":20,"column":56}},"12":{"start":{"line":24,"column":4},"end":{"line":27,"column":7}},"13":{"start":{"line":25,"column":6},"end":{"line":25,"column":42}},"14":{"start":{"line":26,"column":6},"end":{"line":26,"column":31}},"15":{"start":{"line":30,"column":2},"end":{"line":32,"column":5}},"16":{"start":{"line":31,"column":4},"end":{"line":31,"column":47}},"17":{"start":{"line":36,"column":2},"end":{"line":36,"column":19}},"18":{"start":{"line":36,"column":12},"end":{"line":36,"column":19}},"19":{"start":{"line":37,"column":2},"end":{"line":41,"column":5}},"20":{"start":{"line":38,"column":4},"end":{"line":40,"column":5}},"21":{"start":{"line":39,"column":6},"end":{"line":39,"column":27}},"22":{"start":{"line":44,"column":0},"end":{"line":47,"column":2}}},"fnMap":{"0":{"name":"init","decl":{"start":{"line":5,"column":9},"end":{"line":5,"column":13}},"loc":{"start":{"line":5,"column":22},"end":{"line":33,"column":1}},"line":5},"1":{"name":"(anonymous_1)","decl":{"start":{"line":8,"column":23},"end":{"line":8,"column":24}},"loc":{"start":{"line":8,"column":36},"end":{"line":28,"column":3}},"line":8},"2":{"name":"(anonymous_2)","decl":{"start":{"line":12,"column":21},"end":{"line":12,"column":22}},"loc":{"start":{"line":12,"column":34},"end":{"line":22,"column":5}},"line":12},"3":{"name":"(anonymous_3)","decl":{"start":{"line":24,"column":19},"end":{"line":24,"column":20}},"loc":{"start":{"line":24,"column":25},"end":{"line":27,"column":5}},"line":24},"4":{"name":"(anonymous_4)","decl":{"start":{"line":30,"column":18},"end":{"line":30,"column":19}},"loc":{"start":{"line":30,"column":27},"end":{"line":32,"column":3}},"line":30},"5":{"name":"broadcast","decl":{"start":{"line":35,"column":9},"end":{"line":35,"column":18}},"loc":{"start":{"line":35,"column":36},"end":{"line":42,"column":1}},"line":35},"6":{"name":"(anonymous_6)","decl":{"start":{"line":37,"column":22},"end":{"line":37,"column":23}},"loc":{"start":{"line":37,"column":34},"end":{"line":41,"column":3}},"line":37}},"branchMap":{"0":{"loc":{"start":{"line":16,"column":8},"end":{"line":18,"column":9}},"type":"if","locations":[{"start":{"line":16,"column":8},"end":{"line":18,"column":9}},{"start":{},"end":{}}],"line":16},"1":{"loc":{"start":{"line":16,"column":12},"end":{"line":16,"column":52}},"type":"binary-expr","locations":[{"start":{"line":16,"column":12},"end":{"line":16,"column":37}},{"start":{"line":16,"column":41},"end":{"line":16,"column":52}}],"line":16},"2":{"loc":{"start":{"line":36,"column":2},"end":{"line":36,"column":19}},"type":"if","locations":[{"start":{"line":36,"column":2},"end":{"line":36,"column":19}},{"start":{},"end":{}}],"line":36},"3":{"loc":{"start":{"line":38,"column":4},"end":{"line":40,"column":5}},"type":"if","locations":[{"start":{"line":38,"column":4},"end":{"line":40,"column":5}},{"start":{},"end":{}}],"line":38},"4":{"loc":{"start":{"line":38,"column":8},"end":{"line":38,"column":80}},"type":"binary-expr","locations":[{"start":{"line":38,"column":8},"end":{"line":38,"column":44}},{"start":{"line":38,"column":48},"end":{"line":38,"column":80}}],"line":38}},"s":{"0":2,"1":2,"2":2,"3":0,"4":0,"5":0,"6":0,"7":0,"8":0,"9":0,"10":0,"11":0,"12":0,"13":0,"14":0,"15":2,"16":0,"17":0,"18":0,"19":0,"20":0,"21":0,"22":2},"f":{"0":2,"1":0,"2":0,"3":0,"4":0,"5":0,"6":0},"b":{"0":[0,0],"1":[0,0],"2":[0,0],"3":[0,0],"4":[0,0]},"_coverageSchema":"1a1c01bbd47fc00a2c39e90264f33305004495a9","hash":"6434e4c37aead7dcad78d5fee1d81113a8bff34f"}
,"C:\\Users\\sufaira\\Desktop\\test-herogram\\backend\\src\\controllers\\authController.js": {"path":"C:\\Users\\sufaira\\Desktop\\test-herogram\\backend\\src\\controllers\\authController.js","statementMap":{"0":{"start":{"line":1,"column":12},"end":{"line":1,"column":35}},"1":{"start":{"line":2,"column":0},"end":{"line":2,"column":27}},"2":{"start":{"line":4,"column":0},"end":{"line":10,"column":2}},"3":{"start":{"line":5,"column":17},"end":{"line":5,"column":70}},"4":{"start":{"line":6,"column":16},"end":{"line":8,"column":4}},"5":{"start":{"line":9,"column":2},"end":{"line":9,"column":22}}},"fnMap":{"0":{"name":"(anonymous_0)","decl":{"start":{"line":4,"column":25},"end":{"line":4,"column":26}},"loc":{"start":{"line":4,"column":39},"end":{"line":10,"column":1}},"line":4}},"branchMap":{"0":{"loc":{"start":{"line":7,"column":15},"end":{"line":7,"column":51}},"type":"binary-expr","locations":[{"start":{"line":7,"column":15},"end":{"line":7,"column":41}},{"start":{"line":7,"column":45},"end":{"line":7,"column":51}}],"line":7}},"s":{"0":2,"1":2,"2":2,"3":1,"4":1,"5":1},"f":{"0":1},"b":{"0":[1,0]},"_coverageSchema":"1a1c01bbd47fc00a2c39e90264f33305004495a9","hash":"9bb3baf3b9330f966c080517d331ca8216982ccd"}
,"C:\\Users\\sufaira\\Desktop\\test-herogram\\backend\\src\\controllers\\pollController.js": {"path":"C:\\Users\\sufaira\\Desktop\\test-herogram\\backend\\src\\controllers\\pollController.js","statementMap":{"0":{"start":{"line":1,"column":11},"end":{"line":1,"column":27}},"1":{"start":{"line":2,"column":12},"end":{"line":2,"column":28}},"2":{"start":{"line":4,"column":0},"end":{"line":34,"column":2}},"3":{"start":{"line":6,"column":2},"end":{"line":33,"column":3}},"4":{"start":{"line":7,"column":4},"end":{"line":7,"column":50}},"5":{"start":{"line":8,"column":45},"end":{"line":8,"column":53}},"6":{"start":{"line":9,"column":4},"end":{"line":9,"column":62}},"7":{"start":{"line":10,"column":4},"end":{"line":10,"column":35}},"8":{"start":{"line":12,"column":4},"end":{"line":14,"column":5}},"9":{"start":{"line":13,"column":6},"end":{"line":13,"column":68}},"10":{"start":{"line":15,"column":23},"end":{"line":15,"column":42}},"11":{"start":{"line":16,"column":4},"end":{"line":18,"column":5}},"12":{"start":{"line":17,"column":6},"end":{"line":17,"column":83}},"13":{"start":{"line":21,"column":19},"end":{"line":23,"column":50}},"14":{"start":{"line":26,"column":17},"end":{"line":26,"column":68}},"15":{"start":{"line":26,"column":40},"end":{"line":26,"column":66}},"16":{"start":{"line":27,"column":4},"end":{"line":27,"column":37}},"17":{"start":{"line":29,"column":4},"end":{"line":29,"column":42}},"18":{"start":{"line":31,"column":5},"end":{"line":31,"column":51}},"19":{"start":{"line":32,"column":4},"end":{"line":32,"column":61}},"20":{"start":{"line":36,"column":0},"end":{"line":69,"column":2}},"21":{"start":{"line":37,"column":2},"end":{"line":68,"column":3}},"22":{"start":{"line":38,"column":19},"end":{"line":38,"column":29}},"23":{"start":{"line":40,"column":17},"end":{"line":40,"column":58}},"24":{"start":{"line":41,"column":4},"end":{"line":41,"column":74}},"25":{"start":{"line":41,"column":15},"end":{"line":41,"column":74}},"26":{"start":{"line":43,"column":20},"end":{"line":43,"column":60}},"27":{"start":{"line":45,"column":18},"end":{"line":47,"column":27}},"28":{"start":{"line":50,"column":18},"end":{"line":50,"column":20}},"29":{"start":{"line":51,"column":4},"end":{"line":51,"column":50}},"30":{"start":{"line":51,"column":30},"end":{"line":51,"column":47}},"31":{"start":{"line":52,"column":4},"end":{"line":54,"column":7}},"32":{"start":{"line":53,"column":6},"end":{"line":53,"column":57}},"33":{"start":{"line":56,"column":4},"end":{"line":64,"column":7}},"34":{"start":{"line":61,"column":37},"end":{"line":61,"column":63}},"35":{"start":{"line":66,"column":4},"end":{"line":66,"column":25}},"36":{"start":{"line":67,"column":4},"end":{"line":67,"column":54}},"37":{"start":{"line":71,"column":0},"end":{"line":123,"column":2}},"38":{"start":{"line":72,"column":2},"end":{"line":122,"column":3}},"39":{"start":{"line":73,"column":4},"end":{"line":73,"column":44}},"40":{"start":{"line":74,"column":4},"end":{"line":74,"column":35}},"41":{"start":{"line":75,"column":27},"end":{"line":75,"column":37}},"42":{"start":{"line":76,"column":25},"end":{"line":76,"column":33}},"43":{"start":{"line":77,"column":19},"end":{"line":77,"column":34}},"44":{"start":{"line":80,"column":17},"end":{"line":80,"column":62}},"45":{"start":{"line":81,"column":4},"end":{"line":81,"column":74}},"46":{"start":{"line":81,"column":15},"end":{"line":81,"column":74}},"47":{"start":{"line":82,"column":4},"end":{"line":84,"column":5}},"48":{"start":{"line":83,"column":6},"end":{"line":83,"column":63}},"49":{"start":{"line":87,"column":19},"end":{"line":87,"column":87}},"50":{"start":{"line":88,"column":4},"end":{"line":88,"column":76}},"51":{"start":{"line":88,"column":17},"end":{"line":88,"column":76}},"52":{"start":{"line":91,"column":4},"end":{"line":91,"column":72}},"53":{"start":{"line":94,"column":4},"end":{"line":98,"column":7}},"54":{"start":{"line":101,"column":18},"end":{"line":101,"column":80}},"55":{"start":{"line":102,"column":18},"end":{"line":102,"column":20}},"56":{"start":{"line":103,"column":20},"end":{"line":103,"column":64}},"57":{"start":{"line":104,"column":4},"end":{"line":104,"column":46}},"58":{"start":{"line":104,"column":28},"end":{"line":104,"column":43}},"59":{"start":{"line":105,"column":4},"end":{"line":107,"column":7}},"60":{"start":{"line":106,"column":6},"end":{"line":106,"column":57}},"61":{"start":{"line":108,"column":4},"end":{"line":108,"column":71}},"62":{"start":{"line":109,"column":4},"end":{"line":116,"column":6}},"63":{"start":{"line":118,"column":4},"end":{"line":118,"column":39}},"64":{"start":{"line":120,"column":4},"end":{"line":120,"column":25}},"65":{"start":{"line":121,"column":4},"end":{"line":121,"column":54}}},"fnMap":{"0":{"name":"(anonymous_0)","decl":{"start":{"line":4,"column":21},"end":{"line":4,"column":22}},"loc":{"start":{"line":4,"column":41},"end":{"line":34,"column":1}},"line":4},"1":{"name":"(anonymous_1)","decl":{"start":{"line":26,"column":29},"end":{"line":26,"column":30}},"loc":{"start":{"line":26,"column":40},"end":{"line":26,"column":66}},"line":26},"2":{"name":"(anonymous_2)","decl":{"start":{"line":36,"column":18},"end":{"line":36,"column":19}},"loc":{"start":{"line":36,"column":38},"end":{"line":69,"column":1}},"line":36},"3":{"name":"(anonymous_3)","decl":{"start":{"line":51,"column":20},"end":{"line":51,"column":21}},"loc":{"start":{"line":51,"column":30},"end":{"line":51,"column":47}},"line":51},"4":{"name":"(anonymous_4)","decl":{"start":{"line":52,"column":18},"end":{"line":52,"column":19}},"loc":{"start":{"line":52,"column":25},"end":{"line":54,"column":5}},"line":52},"5":{"name":"(anonymous_5)","decl":{"start":{"line":61,"column":29},"end":{"line":61,"column":30}},"loc":{"start":{"line":61,"column":37},"end":{"line":61,"column":63}},"line":61},"6":{"name":"(anonymous_6)","decl":{"start":{"line":71,"column":19},"end":{"line":71,"column":20}},"loc":{"start":{"line":71,"column":39},"end":{"line":123,"column":1}},"line":71},"7":{"name":"(anonymous_7)","decl":{"start":{"line":104,"column":20},"end":{"line":104,"column":21}},"loc":{"start":{"line":104,"column":28},"end":{"line":104,"column":43}},"line":104},"8":{"name":"(anonymous_8)","decl":{"start":{"line":105,"column":18},"end":{"line":105,"column":19}},"loc":{"start":{"line":105,"column":25},"end":{"line":107,"column":5}},"line":105}},"branchMap":{"0":{"loc":{"start":{"line":12,"column":4},"end":{"line":14,"column":5}},"type":"if","locations":[{"start":{"line":12,"column":4},"end":{"line":14,"column":5}},{"start":{},"end":{}}],"line":12},"1":{"loc":{"start":{"line":12,"column":8},"end":{"line":12,"column":80}},"type":"binary-expr","locations":[{"start":{"line":12,"column":8},"end":{"line":12,"column":17}},{"start":{"line":12,"column":21},"end":{"line":12,"column":44}},{"start":{"line":12,"column":48},"end":{"line":12,"column":66}},{"start":{"line":12,"column":70},"end":{"line":12,"column":80}}],"line":12},"2":{"loc":{"start":{"line":16,"column":4},"end":{"line":18,"column":5}},"type":"if","locations":[{"start":{"line":16,"column":4},"end":{"line":18,"column":5}},{"start":{},"end":{}}],"line":16},"3":{"loc":{"start":{"line":41,"column":4},"end":{"line":41,"column":74}},"type":"if","locations":[{"start":{"line":41,"column":4},"end":{"line":41,"column":74}},{"start":{},"end":{}}],"line":41},"4":{"loc":{"start":{"line":53,"column":28},"end":{"line":53,"column":51}},"type":"binary-expr","locations":[{"start":{"line":53,"column":28},"end":{"line":53,"column":46}},{"start":{"line":53,"column":50},"end":{"line":53,"column":51}}],"line":53},"5":{"loc":{"start":{"line":81,"column":4},"end":{"line":81,"column":74}},"type":"if","locations":[{"start":{"line":81,"column":4},"end":{"line":81,"column":74}},{"start":{},"end":{}}],"line":81},"6":{"loc":{"start":{"line":82,"column":4},"end":{"line":84,"column":5}},"type":"if","locations":[{"start":{"line":82,"column":4},"end":{"line":84,"column":5}},{"start":{},"end":{}}],"line":82},"7":{"loc":{"start":{"line":88,"column":4},"end":{"line":88,"column":76}},"type":"if","locations":[{"start":{"line":88,"column":4},"end":{"line":88,"column":76}},{"start":{},"end":{}}],"line":88},"8":{"loc":{"start":{"line":106,"column":28},"end":{"line":106,"column":51}},"type":"binary-expr","locations":[{"start":{"line":106,"column":28},"end":{"line":106,"column":46}},{"start":{"line":106,"column":50},"end":{"line":106,"column":51}}],"line":106}},"s":{"0":2,"1":2,"2":2,"3":1,"4":1,"5":1,"6":1,"7":1,"8":1,"9":0,"10":1,"11":1,"12":0,"13":1,"14":0,"15":0,"16":0,"17":0,"18":1,"19":1,"20":2,"21":1,"22":1,"23":1,"24":0,"25":0,"26":0,"27":0,"28":0,"29":0,"30":0,"31":0,"32":0,"33":0,"34":0,"35":0,"36":0,"37":2,"38":0,"39":0,"40":0,"41":0,"42":0,"43":0,"44":0,"45":0,"46":0,"47":0,"48":0,"49":0,"50":0,"51":0,"52":0,"53":0,"54":0,"55":0,"56":0,"57":0,"58":0,"59":0,"60":0,"61":0,"62":0,"63":0,"64":0,"65":0},"f":{"0":1,"1":0,"2":1,"3":0,"4":0,"5":0,"6":0,"7":0,"8":0},"b":{"0":[0,1],"1":[1,1,1,1],"2":[0,1],"3":[0,0],"4":[0,0],"5":[0,0],"6":[0,0],"7":[0,0],"8":[0,0]},"_coverageSchema":"1a1c01bbd47fc00a2c39e90264f33305004495a9","hash":"4380343bdde7d7651a5e8fcc99ed1bd31ab9762d"}
,"C:\\Users\\sufaira\\Desktop\\test-herogram\\backend\\src\\middleware\\auth.js": {"path":"C:\\Users\\sufaira\\Desktop\\test-herogram\\backend\\src\\middleware\\auth.js","statementMap":{"0":{"start":{"line":1,"column":12},"end":{"line":1,"column":35}},"1":{"start":{"line":2,"column":0},"end":{"line":2,"column":27}},"2":{"start":{"line":5,"column":2},"end":{"line":5,"column":33}},"3":{"start":{"line":6,"column":21},"end":{"line":6,"column":49}},"4":{"start":{"line":7,"column":2},"end":{"line":7,"column":78}},"5":{"start":{"line":7,"column":19},"end":{"line":7,"column":78}},"6":{"start":{"line":9,"column":16},"end":{"line":9,"column":40}},"7":{"start":{"line":10,"column":2},"end":{"line":10,"column":79}},"8":{"start":{"line":10,"column":14},"end":{"line":10,"column":79}},"9":{"start":{"line":12,"column":2},"end":{"line":16,"column":5}},"10":{"start":{"line":13,"column":4},"end":{"line":13,"column":82}},"11":{"start":{"line":13,"column":13},"end":{"line":13,"column":82}},"12":{"start":{"line":14,"column":4},"end":{"line":14,"column":20}},"13":{"start":{"line":15,"column":4},"end":{"line":15,"column":11}},"14":{"start":{"line":19,"column":0},"end":{"line":19,"column":35}}},"fnMap":{"0":{"name":"authenticateToken","decl":{"start":{"line":4,"column":9},"end":{"line":4,"column":26}},"loc":{"start":{"line":4,"column":43},"end":{"line":17,"column":1}},"line":4},"1":{"name":"(anonymous_1)","decl":{"start":{"line":12,"column":44},"end":{"line":12,"column":45}},"loc":{"start":{"line":12,"column":59},"end":{"line":16,"column":3}},"line":12}},"branchMap":{"0":{"loc":{"start":{"line":7,"column":2},"end":{"line":7,"column":78}},"type":"if","locations":[{"start":{"line":7,"column":2},"end":{"line":7,"column":78}},{"start":{},"end":{}}],"line":7},"1":{"loc":{"start":{"line":10,"column":2},"end":{"line":10,"column":79}},"type":"if","locations":[{"start":{"line":10,"column":2},"end":{"line":10,"column":79}},{"start":{},"end":{}}],"line":10},"2":{"loc":{"start":{"line":13,"column":4},"end":{"line":13,"column":82}},"type":"if","locations":[{"start":{"line":13,"column":4},"end":{"line":13,"column":82}},{"start":{},"end":{}}],"line":13}},"s":{"0":2,"1":2,"2":0,"3":0,"4":0,"5":0,"6":0,"7":0,"8":0,"9":0,"10":0,"11":0,"12":0,"13":0,"14":2},"f":{"0":0,"1":0},"b":{"0":[0,0],"1":[0,0],"2":[0,0]},"_coverageSchema":"1a1c01bbd47fc00a2c39e90264f33305004495a9","hash":"c1c2c92adcb0309cf9b3828da37dc71ff8bedd3c"}
,"C:\\Users\\sufaira\\Desktop\\test-herogram\\backend\\src\\middleware\\metricsMiddleware.js": {"path":"C:\\Users\\sufaira\\Desktop\\test-herogram\\backend\\src\\middleware\\metricsMiddleware.js","statementMap":{"0":{"start":{"line":1,"column":15},"end":{"line":1,"column":37}},"1":{"start":{"line":3,"column":17},"end":{"line":3,"column":38}},"2":{"start":{"line":5,"column":0},"end":{"line":5,"column":43}},"3":{"start":{"line":8,"column":30},"end":{"line":13,"column":2}},"4":{"start":{"line":16,"column":25},"end":{"line":20,"column":2}},"5":{"start":{"line":23,"column":26},"end":{"line":27,"column":2}},"6":{"start":{"line":30,"column":25},"end":{"line":33,"column":2}},"7":{"start":{"line":35,"column":0},"end":{"line":35,"column":47}},"8":{"start":{"line":36,"column":0},"end":{"line":36,"column":42}},"9":{"start":{"line":37,"column":0},"end":{"line":37,"column":43}},"10":{"start":{"line":38,"column":0},"end":{"line":38,"column":42}},"11":{"start":{"line":41,"column":2},"end":{"line":41,"column":25}},"12":{"start":{"line":42,"column":19},"end":{"line":42,"column":53}},"13":{"start":{"line":44,"column":2},"end":{"line":58,"column":5}},"14":{"start":{"line":45,"column":18},"end":{"line":45,"column":55}},"15":{"start":{"line":46,"column":19},"end":{"line":50,"column":5}},"16":{"start":{"line":51,"column":4},"end":{"line":51,"column":33}},"17":{"start":{"line":52,"column":4},"end":{"line":52,"column":21}},"18":{"start":{"line":53,"column":4},"end":{"line":53,"column":27}},"19":{"start":{"line":55,"column":4},"end":{"line":57,"column":5}},"20":{"start":{"line":56,"column":6},"end":{"line":56,"column":36}},"21":{"start":{"line":60,"column":2},"end":{"line":60,"column":9}},"22":{"start":{"line":63,"column":0},"end":{"line":63,"column":49}}},"fnMap":{"0":{"name":"metricsMiddleware","decl":{"start":{"line":40,"column":9},"end":{"line":40,"column":26}},"loc":{"start":{"line":40,"column":43},"end":{"line":61,"column":1}},"line":40},"1":{"name":"(anonymous_1)","decl":{"start":{"line":44,"column":19},"end":{"line":44,"column":20}},"loc":{"start":{"line":44,"column":25},"end":{"line":58,"column":3}},"line":44}},"branchMap":{"0":{"loc":{"start":{"line":45,"column":18},"end":{"line":45,"column":55}},"type":"cond-expr","locations":[{"start":{"line":45,"column":30},"end":{"line":45,"column":44}},{"start":{"line":45,"column":47},"end":{"line":45,"column":55}}],"line":45},"1":{"loc":{"start":{"line":55,"column":4},"end":{"line":57,"column":5}},"type":"if","locations":[{"start":{"line":55,"column":4},"end":{"line":57,"column":5}},{"start":{},"end":{}}],"line":55}},"s":{"0":2,"1":2,"2":2,"3":2,"4":2,"5":2,"6":2,"7":2,"8":2,"9":2,"10":2,"11":0,"12":0,"13":0,"14":0,"15":0,"16":0,"17":0,"18":0,"19":0,"20":0,"21":0,"22":2},"f":{"0":0,"1":0},"b":{"0":[0,0],"1":[0,0]},"_coverageSchema":"1a1c01bbd47fc00a2c39e90264f33305004495a9","hash":"1132a00bf34622b9eb8c59bacdf6fcfba1e94ad1"}
,"C:\\Users\\sufaira\\Desktop\\test-herogram\\backend\\src\\routes\\authRoutes.js": {"path":"C:\\Users\\sufaira\\Desktop\\test-herogram\\backend\\src\\routes\\authRoutes.js","statementMap":{"0":{"start":{"line":1,"column":16},"end":{"line":1,"column":34}},"1":{"start":{"line":2,"column":15},"end":{"line":2,"column":31}},"2":{"start":{"line":3,"column":23},"end":{"line":3,"column":63}},"3":{"start":{"line":5,"column":0},"end":{"line":5,"column":52}},"4":{"start":{"line":7,"column":0},"end":{"line":7,"column":24}}},"fnMap":{},"branchMap":{},"s":{"0":2,"1":2,"2":2,"3":2,"4":2},"f":{},"b":{},"_coverageSchema":"1a1c01bbd47fc00a2c39e90264f33305004495a9","hash":"c23a9adc588f847140a062f23ef30cff5e734d8a"}
,"C:\\Users\\sufaira\\Desktop\\test-herogram\\backend\\src\\routes\\pollRoutes.js": {"path":"C:\\Users\\sufaira\\Desktop\\test-herogram\\backend\\src\\routes\\pollRoutes.js","statementMap":{"0":{"start":{"line":1,"column":16},"end":{"line":1,"column":34}},"1":{"start":{"line":2,"column":15},"end":{"line":2,"column":31}},"2":{"start":{"line":3,"column":23},"end":{"line":3,"column":63}},"3":{"start":{"line":4,"column":26},"end":{"line":4,"column":55}},"4":{"start":{"line":5,"column":24},"end":{"line":5,"column":58}},"5":{"start":{"line":7,"column":0},"end":{"line":7,"column":48}},"6":{"start":{"line":8,"column":0},"end":{"line":8,"column":60}},"7":{"start":{"line":9,"column":0},"end":{"line":9,"column":76}},"8":{"start":{"line":10,"column":0},"end":{"line":10,"column":72}},"9":{"start":{"line":12,"column":0},"end":{"line":12,"column":44}},"10":{"start":{"line":13,"column":0},"end":{"line":13,"column":43}},"11":{"start":{"line":14,"column":0},"end":{"line":14,"column":82}},"12":{"start":{"line":16,"column":0},"end":{"line":16,"column":24}}},"fnMap":{},"branchMap":{},"s":{"0":2,"1":2,"2":2,"3":2,"4":2,"5":2,"6":2,"7":2,"8":2,"9":2,"10":2,"11":2,"12":2},"f":{},"b":{},"_coverageSchema":"1a1c01bbd47fc00a2c39e90264f33305004495a9","hash":"21176ca259de0b245007f66800b40ca87dbff0d0"}
,"C:\\Users\\sufaira\\Desktop\\test-herogram\\backend\\src\\services\\rateLimiter.js": {"path":"C:\\Users\\sufaira\\Desktop\\test-herogram\\backend\\src\\services\\rateLimiter.js","statementMap":{"0":{"start":{"line":1,"column":29},"end":{"line":1,"column":61}},"1":{"start":{"line":2,"column":20},"end":{"line":2,"column":44}},"2":{"start":{"line":4,"column":20},"end":{"line":10,"column":2}},"3":{"start":{"line":12,"column":30},"end":{"line":22,"column":1}},"4":{"start":{"line":13,"column":14},"end":{"line":13,"column":40}},"5":{"start":{"line":14,"column":2},"end":{"line":14,"column":62}},"6":{"start":{"line":15,"column":2},"end":{"line":21,"column":7}},"7":{"start":{"line":17,"column":16},"end":{"line":17,"column":22}},"8":{"start":{"line":19,"column":6},"end":{"line":19,"column":43}},"9":{"start":{"line":20,"column":6},"end":{"line":20,"column":61}},"10":{"start":{"line":24,"column":0},"end":{"line":26,"column":2}}},"fnMap":{"0":{"name":"(anonymous_0)","decl":{"start":{"line":12,"column":30},"end":{"line":12,"column":31}},"loc":{"start":{"line":12,"column":50},"end":{"line":22,"column":1}},"line":12},"1":{"name":"(anonymous_1)","decl":{"start":{"line":17,"column":10},"end":{"line":17,"column":11}},"loc":{"start":{"line":17,"column":16},"end":{"line":17,"column":22}},"line":17},"2":{"name":"(anonymous_2)","decl":{"start":{"line":18,"column":11},"end":{"line":18,"column":12}},"loc":{"start":{"line":18,"column":17},"end":{"line":21,"column":5}},"line":18}},"branchMap":{"0":{"loc":{"start":{"line":13,"column":14},"end":{"line":13,"column":40}},"type":"binary-expr","locations":[{"start":{"line":13,"column":14},"end":{"line":13,"column":30}},{"start":{"line":13,"column":34},"end":{"line":13,"column":40}}],"line":13}},"s":{"0":2,"1":2,"2":2,"3":2,"4":0,"5":0,"6":0,"7":0,"8":0,"9":0,"10":2},"f":{"0":0,"1":0,"2":0},"b":{"0":[0,0]},"_coverageSchema":"1a1c01bbd47fc00a2c39e90264f33305004495a9","hash":"2d349742a55e723ab3cc62b84a70f7b16606eb68"}
,"C:\\Users\\sufaira\\Desktop\\test-herogram\\backend\\src\\services\\redisClient.js": {"path":"C:\\Users\\sufaira\\Desktop\\test-herogram\\backend\\src\\services\\redisClient.js","statementMap":{"0":{"start":{"line":17,"column":14},"end":{"line":17,"column":32}},"1":{"start":{"line":18,"column":0},"end":{"line":18,"column":27}},"2":{"start":{"line":20,"column":20},"end":{"line":20,"column":52}},"3":{"start":{"line":22,"column":0},"end":{"line":30,"column":1}},"4":{"start":{"line":23,"column":2},"end":{"line":25,"column":5}},"5":{"start":{"line":24,"column":4},"end":{"line":24,"column":42}},"6":{"start":{"line":27,"column":2},"end":{"line":29,"column":5}},"7":{"start":{"line":28,"column":4},"end":{"line":28,"column":45}},"8":{"start":{"line":32,"column":0},"end":{"line":32,"column":29}}},"fnMap":{"0":{"name":"(anonymous_0)","decl":{"start":{"line":23,"column":28},"end":{"line":23,"column":29}},"loc":{"start":{"line":23,"column":34},"end":{"line":25,"column":3}},"line":23},"1":{"name":"(anonymous_1)","decl":{"start":{"line":27,"column":26},"end":{"line":27,"column":27}},"loc":{"start":{"line":27,"column":35},"end":{"line":29,"column":3}},"line":27}},"branchMap":{"0":{"loc":{"start":{"line":22,"column":0},"end":{"line":30,"column":1}},"type":"if","locations":[{"start":{"line":22,"column":0},"end":{"line":30,"column":1}},{"start":{},"end":{}}],"line":22}},"s":{"0":1,"1":1,"2":1,"3":1,"4":0,"5":0,"6":0,"7":0,"8":1},"f":{"0":0,"1":0},"b":{"0":[0,1]},"_coverageSchema":"1a1c01bbd47fc00a2c39e90264f33305004495a9","hash":"499867516fbad3b46342f26a9cc44752e2c2ccb5"}
}
