{"C:\\Users\\sufaira\\Desktop\\test-herogram\\backend\\knexfile.js": {"path":"C:\\Users\\sufaira\\Desktop\\test-herogram\\backend\\knexfile.js","statementMap":{"0":{"start":{"line":1,"column":0},"end":{"line":1,"column":27}},"1":{"start":{"line":3,"column":0},"end":{"line":33,"column":2}}},"fnMap":{},"branchMap":{},"s":{"0":1,"1":1},"f":{},"b":{},"_coverageSchema":"1a1c01bbd47fc00a2c39e90264f33305004495a9","hash":"f43ab94a775ef31fa3f106085a8d93820ee5681d"}
,"C:\\Users\\sufaira\\Desktop\\test-herogram\\backend\\src\\db.js": {"path":"C:\\Users\\sufaira\\Desktop\\test-herogram\\backend\\src\\db.js","statementMap":{"0":{"start":{"line":1,"column":13},"end":{"line":1,"column":28}},"1":{"start":{"line":2,"column":15},"end":{"line":2,"column":40}},"2":{"start":{"line":4,"column":12},"end":{"line":4,"column":49}},"3":{"start":{"line":5,"column":11},"end":{"line":5,"column":28}},"4":{"start":{"line":7,"column":0},"end":{"line":7,"column":20}}},"fnMap":{},"branchMap":{"0":{"loc":{"start":{"line":4,"column":12},"end":{"line":4,"column":49}},"type":"binary-expr","locations":[{"start":{"line":4,"column":12},"end":{"line":4,"column":32}},{"start":{"line":4,"column":36},"end":{"line":4,"column":49}}],"line":4}},"s":{"0":1,"1":1,"2":1,"3":1,"4":1},"f":{},"b":{"0":[1,0]},"_coverageSchema":"1a1c01bbd47fc00a2c39e90264f33305004495a9","hash":"1d7dc2313bd89b25f9d9a88a08b0553f64c108bb"}
,"C:\\Users\\sufaira\\Desktop\\test-herogram\\backend\\src\\server.js": {"path":"C:\\Users\\sufaira\\Desktop\\test-herogram\\backend\\src\\server.js","statementMap":{"0":{"start":{"line":33,"column":16},"end":{"line":33,"column":34}},"1":{"start":{"line":34,"column":13},"end":{"line":34,"column":28}},"2":{"start":{"line":35,"column":13},"end":{"line":35,"column":28}},"3":{"start":{"line":36,"column":0},"end":{"line":36,"column":27}},"4":{"start":{"line":38,"column":19},"end":{"line":38,"column":49}},"5":{"start":{"line":39,"column":19},"end":{"line":39,"column":49}},"6":{"start":{"line":40,"column":11},"end":{"line":40,"column":26}},"7":{"start":{"line":42,"column":12},"end":{"line":42,"column":21}},"8":{"start":{"line":43,"column":15},"end":{"line":43,"column":37}},"9":{"start":{"line":45,"column":0},"end":{"line":45,"column":16}},"10":{"start":{"line":46,"column":0},"end":{"line":46,"column":24}},"11":{"start":{"line":48,"column":0},"end":{"line":50,"column":3}},"12":{"start":{"line":49,"column":2},"end":{"line":49,"column":44}},"13":{"start":{"line":52,"column":0},"end":{"line":52,"column":33}},"14":{"start":{"line":53,"column":0},"end":{"line":53,"column":34}},"15":{"start":{"line":55,"column":0},"end":{"line":55,"column":16}},"16":{"start":{"line":57,"column":13},"end":{"line":57,"column":37}},"17":{"start":{"line":60,"column":0},"end":{"line":64,"column":1}},"18":{"start":{"line":61,"column":2},"end":{"line":63,"column":5}},"19":{"start":{"line":62,"column":4},"end":{"line":62,"column":50}},"20":{"start":{"line":66,"column":0},"end":{"line":66,"column":21}}},"fnMap":{"0":{"name":"(anonymous_0)","decl":{"start":{"line":48,"column":13},"end":{"line":48,"column":14}},"loc":{"start":{"line":48,"column":27},"end":{"line":50,"column":1}},"line":48},"1":{"name":"(anonymous_1)","decl":{"start":{"line":61,"column":22},"end":{"line":61,"column":23}},"loc":{"start":{"line":61,"column":28},"end":{"line":63,"column":3}},"line":61}},"branchMap":{"0":{"loc":{"start":{"line":57,"column":13},"end":{"line":57,"column":37}},"type":"binary-expr","locations":[{"start":{"line":57,"column":13},"end":{"line":57,"column":29}},{"start":{"line":57,"column":33},"end":{"line":57,"column":37}}],"line":57},"1":{"loc":{"start":{"line":60,"column":0},"end":{"line":64,"column":1}},"type":"if","locations":[{"start":{"line":60,"column":0},"end":{"line":64,"column":1}},{"start":{},"end":{}}],"line":60}},"s":{"0":1,"1":1,"2":1,"3":1,"4":1,"5":1,"6":1,"7":1,"8":1,"9":1,"10":1,"11":1,"12":1,"13":1,"14":1,"15":1,"16":1,"17":1,"18":0,"19":0,"20":1},"f":{"0":1,"1":0},"b":{"0":[1,1],"1":[0,1]},"_coverageSchema":"1a1c01bbd47fc00a2c39e90264f33305004495a9","hash":"44c46a64ba56da3bcbaba97e4a90c48e95395c20"}
,"C:\\Users\\sufaira\\Desktop\\test-herogram\\backend\\src\\ws.js": {"path":"C:\\Users\\sufaira\\Desktop\\test-herogram\\backend\\src\\ws.js","statementMap":{"0":{"start":{"line":1,"column":18},"end":{"line":1,"column":31}},"1":{"start":{"line":6,"column":2},"end":{"line":6,"column":54}},"2":{"start":{"line":8,"column":2},"end":{"line":24,"column":5}},"3":{"start":{"line":10,"column":4},"end":{"line":10,"column":33}},"4":{"start":{"line":12,"column":4},"end":{"line":19,"column":7}},"5":{"start":{"line":13,"column":6},"end":{"line":18,"column":16}},"6":{"start":{"line":14,"column":21},"end":{"line":14,"column":40}},"7":{"start":{"line":15,"column":8},"end":{"line":17,"column":9}},"8":{"start":{"line":16,"column":10},"end":{"line":16,"column":44}},"9":{"start":{"line":21,"column":4},"end":{"line":23,"column":7}},"10":{"start":{"line":22,"column":6},"end":{"line":22,"column":31}},"11":{"start":{"line":28,"column":2},"end":{"line":28,"column":19}},"12":{"start":{"line":28,"column":12},"end":{"line":28,"column":19}},"13":{"start":{"line":29,"column":2},"end":{"line":33,"column":5}},"14":{"start":{"line":30,"column":4},"end":{"line":32,"column":5}},"15":{"start":{"line":31,"column":6},"end":{"line":31,"column":27}},"16":{"start":{"line":36,"column":0},"end":{"line":39,"column":2}}},"fnMap":{"0":{"name":"init","decl":{"start":{"line":5,"column":9},"end":{"line":5,"column":13}},"loc":{"start":{"line":5,"column":22},"end":{"line":25,"column":1}},"line":5},"1":{"name":"(anonymous_1)","decl":{"start":{"line":8,"column":23},"end":{"line":8,"column":24}},"loc":{"start":{"line":8,"column":36},"end":{"line":24,"column":3}},"line":8},"2":{"name":"(anonymous_2)","decl":{"start":{"line":12,"column":21},"end":{"line":12,"column":22}},"loc":{"start":{"line":12,"column":34},"end":{"line":19,"column":5}},"line":12},"3":{"name":"(anonymous_3)","decl":{"start":{"line":21,"column":19},"end":{"line":21,"column":20}},"loc":{"start":{"line":21,"column":25},"end":{"line":23,"column":5}},"line":21},"4":{"name":"broadcast","decl":{"start":{"line":27,"column":9},"end":{"line":27,"column":18}},"loc":{"start":{"line":27,"column":36},"end":{"line":34,"column":1}},"line":27},"5":{"name":"(anonymous_5)","decl":{"start":{"line":29,"column":22},"end":{"line":29,"column":23}},"loc":{"start":{"line":29,"column":34},"end":{"line":33,"column":3}},"line":29}},"branchMap":{"0":{"loc":{"start":{"line":15,"column":8},"end":{"line":17,"column":9}},"type":"if","locations":[{"start":{"line":15,"column":8},"end":{"line":17,"column":9}},{"start":{},"end":{}}],"line":15},"1":{"loc":{"start":{"line":15,"column":12},"end":{"line":15,"column":52}},"type":"binary-expr","locations":[{"start":{"line":15,"column":12},"end":{"line":15,"column":37}},{"start":{"line":15,"column":41},"end":{"line":15,"column":52}}],"line":15},"2":{"loc":{"start":{"line":28,"column":2},"end":{"line":28,"column":19}},"type":"if","locations":[{"start":{"line":28,"column":2},"end":{"line":28,"column":19}},{"start":{},"end":{}}],"line":28},"3":{"loc":{"start":{"line":30,"column":4},"end":{"line":32,"column":5}},"type":"if","locations":[{"start":{"line":30,"column":4},"end":{"line":32,"column":5}},{"start":{},"end":{}}],"line":30},"4":{"loc":{"start":{"line":30,"column":8},"end":{"line":30,"column":80}},"type":"binary-expr","locations":[{"start":{"line":30,"column":8},"end":{"line":30,"column":44}},{"start":{"line":30,"column":48},"end":{"line":30,"column":80}}],"line":30}},"s":{"0":1,"1":1,"2":1,"3":0,"4":0,"5":0,"6":0,"7":0,"8":0,"9":0,"10":0,"11":0,"12":0,"13":0,"14":0,"15":0,"16":1},"f":{"0":1,"1":0,"2":0,"3":0,"4":0,"5":0},"b":{"0":[0,0],"1":[0,0],"2":[0,0],"3":[0,0],"4":[0,0]},"_coverageSchema":"1a1c01bbd47fc00a2c39e90264f33305004495a9","hash":"bb37994b828c130989fe79f4b529158da1895a8e"}
,"C:\\Users\\sufaira\\Desktop\\test-herogram\\backend\\src\\controllers\\authController.js": {"path":"C:\\Users\\sufaira\\Desktop\\test-herogram\\backend\\src\\controllers\\authController.js","statementMap":{"0":{"start":{"line":1,"column":12},"end":{"line":1,"column":35}},"1":{"start":{"line":2,"column":0},"end":{"line":2,"column":27}},"2":{"start":{"line":4,"column":0},"end":{"line":10,"column":2}},"3":{"start":{"line":5,"column":17},"end":{"line":5,"column":70}},"4":{"start":{"line":6,"column":16},"end":{"line":8,"column":4}},"5":{"start":{"line":9,"column":2},"end":{"line":9,"column":22}}},"fnMap":{"0":{"name":"(anonymous_0)","decl":{"start":{"line":4,"column":25},"end":{"line":4,"column":26}},"loc":{"start":{"line":4,"column":39},"end":{"line":10,"column":1}},"line":4}},"branchMap":{"0":{"loc":{"start":{"line":7,"column":15},"end":{"line":7,"column":51}},"type":"binary-expr","locations":[{"start":{"line":7,"column":15},"end":{"line":7,"column":41}},{"start":{"line":7,"column":45},"end":{"line":7,"column":51}}],"line":7}},"s":{"0":1,"1":1,"2":1,"3":0,"4":0,"5":0},"f":{"0":0},"b":{"0":[0,0]},"_coverageSchema":"1a1c01bbd47fc00a2c39e90264f33305004495a9","hash":"9bb3baf3b9330f966c080517d331ca8216982ccd"}
,"C:\\Users\\sufaira\\Desktop\\test-herogram\\backend\\src\\controllers\\pollController.js": {"path":"C:\\Users\\sufaira\\Desktop\\test-herogram\\backend\\src\\controllers\\pollController.js","statementMap":{"0":{"start":{"line":1,"column":11},"end":{"line":1,"column":27}},"1":{"start":{"line":2,"column":20},"end":{"line":2,"column":54}},"2":{"start":{"line":3,"column":20},"end":{"line":3,"column":54}},"3":{"start":{"line":4,"column":12},"end":{"line":4,"column":28}},"4":{"start":{"line":6,"column":0},"end":{"line":31,"column":2}},"5":{"start":{"line":7,"column":2},"end":{"line":30,"column":3}},"6":{"start":{"line":8,"column":45},"end":{"line":8,"column":53}},"7":{"start":{"line":9,"column":4},"end":{"line":11,"column":5}},"8":{"start":{"line":10,"column":6},"end":{"line":10,"column":68}},"9":{"start":{"line":12,"column":23},"end":{"line":12,"column":42}},"10":{"start":{"line":13,"column":4},"end":{"line":15,"column":5}},"11":{"start":{"line":14,"column":6},"end":{"line":14,"column":83}},"12":{"start":{"line":18,"column":19},"end":{"line":20,"column":50}},"13":{"start":{"line":23,"column":17},"end":{"line":23,"column":68}},"14":{"start":{"line":23,"column":40},"end":{"line":23,"column":66}},"15":{"start":{"line":24,"column":4},"end":{"line":24,"column":37}},"16":{"start":{"line":26,"column":4},"end":{"line":26,"column":42}},"17":{"start":{"line":28,"column":4},"end":{"line":28,"column":25}},"18":{"start":{"line":29,"column":4},"end":{"line":29,"column":54}},"19":{"start":{"line":33,"column":0},"end":{"line":66,"column":2}},"20":{"start":{"line":34,"column":2},"end":{"line":65,"column":3}},"21":{"start":{"line":35,"column":19},"end":{"line":35,"column":29}},"22":{"start":{"line":37,"column":17},"end":{"line":37,"column":58}},"23":{"start":{"line":38,"column":4},"end":{"line":38,"column":74}},"24":{"start":{"line":38,"column":15},"end":{"line":38,"column":74}},"25":{"start":{"line":40,"column":20},"end":{"line":40,"column":60}},"26":{"start":{"line":42,"column":18},"end":{"line":44,"column":27}},"27":{"start":{"line":47,"column":18},"end":{"line":47,"column":20}},"28":{"start":{"line":48,"column":4},"end":{"line":48,"column":50}},"29":{"start":{"line":48,"column":30},"end":{"line":48,"column":47}},"30":{"start":{"line":49,"column":4},"end":{"line":51,"column":7}},"31":{"start":{"line":50,"column":6},"end":{"line":50,"column":57}},"32":{"start":{"line":53,"column":4},"end":{"line":61,"column":7}},"33":{"start":{"line":58,"column":37},"end":{"line":58,"column":63}},"34":{"start":{"line":63,"column":4},"end":{"line":63,"column":25}},"35":{"start":{"line":64,"column":4},"end":{"line":64,"column":54}},"36":{"start":{"line":68,"column":0},"end":{"line":118,"column":2}},"37":{"start":{"line":69,"column":2},"end":{"line":117,"column":3}},"38":{"start":{"line":70,"column":27},"end":{"line":70,"column":37}},"39":{"start":{"line":71,"column":25},"end":{"line":71,"column":33}},"40":{"start":{"line":72,"column":19},"end":{"line":72,"column":34}},"41":{"start":{"line":75,"column":4},"end":{"line":79,"column":5}},"42":{"start":{"line":76,"column":6},"end":{"line":76,"column":40}},"43":{"start":{"line":78,"column":6},"end":{"line":78,"column":68}},"44":{"start":{"line":82,"column":17},"end":{"line":82,"column":62}},"45":{"start":{"line":83,"column":4},"end":{"line":83,"column":74}},"46":{"start":{"line":83,"column":15},"end":{"line":83,"column":74}},"47":{"start":{"line":84,"column":4},"end":{"line":86,"column":5}},"48":{"start":{"line":85,"column":6},"end":{"line":85,"column":63}},"49":{"start":{"line":89,"column":19},"end":{"line":89,"column":87}},"50":{"start":{"line":90,"column":4},"end":{"line":90,"column":76}},"51":{"start":{"line":90,"column":17},"end":{"line":90,"column":76}},"52":{"start":{"line":93,"column":4},"end":{"line":93,"column":72}},"53":{"start":{"line":96,"column":4},"end":{"line":100,"column":7}},"54":{"start":{"line":103,"column":18},"end":{"line":103,"column":80}},"55":{"start":{"line":104,"column":18},"end":{"line":104,"column":20}},"56":{"start":{"line":105,"column":20},"end":{"line":105,"column":64}},"57":{"start":{"line":106,"column":4},"end":{"line":106,"column":46}},"58":{"start":{"line":106,"column":28},"end":{"line":106,"column":43}},"59":{"start":{"line":107,"column":4},"end":{"line":109,"column":7}},"60":{"start":{"line":108,"column":6},"end":{"line":108,"column":57}},"61":{"start":{"line":111,"column":4},"end":{"line":111,"column":68}},"62":{"start":{"line":113,"column":4},"end":{"line":113,"column":39}},"63":{"start":{"line":115,"column":4},"end":{"line":115,"column":25}},"64":{"start":{"line":116,"column":4},"end":{"line":116,"column":54}}},"fnMap":{"0":{"name":"(anonymous_0)","decl":{"start":{"line":6,"column":21},"end":{"line":6,"column":22}},"loc":{"start":{"line":6,"column":41},"end":{"line":31,"column":1}},"line":6},"1":{"name":"(anonymous_1)","decl":{"start":{"line":23,"column":29},"end":{"line":23,"column":30}},"loc":{"start":{"line":23,"column":40},"end":{"line":23,"column":66}},"line":23},"2":{"name":"(anonymous_2)","decl":{"start":{"line":33,"column":18},"end":{"line":33,"column":19}},"loc":{"start":{"line":33,"column":38},"end":{"line":66,"column":1}},"line":33},"3":{"name":"(anonymous_3)","decl":{"start":{"line":48,"column":20},"end":{"line":48,"column":21}},"loc":{"start":{"line":48,"column":30},"end":{"line":48,"column":47}},"line":48},"4":{"name":"(anonymous_4)","decl":{"start":{"line":49,"column":18},"end":{"line":49,"column":19}},"loc":{"start":{"line":49,"column":25},"end":{"line":51,"column":5}},"line":49},"5":{"name":"(anonymous_5)","decl":{"start":{"line":58,"column":29},"end":{"line":58,"column":30}},"loc":{"start":{"line":58,"column":37},"end":{"line":58,"column":63}},"line":58},"6":{"name":"(anonymous_6)","decl":{"start":{"line":68,"column":19},"end":{"line":68,"column":20}},"loc":{"start":{"line":68,"column":39},"end":{"line":118,"column":1}},"line":68},"7":{"name":"(anonymous_7)","decl":{"start":{"line":106,"column":20},"end":{"line":106,"column":21}},"loc":{"start":{"line":106,"column":28},"end":{"line":106,"column":43}},"line":106},"8":{"name":"(anonymous_8)","decl":{"start":{"line":107,"column":18},"end":{"line":107,"column":19}},"loc":{"start":{"line":107,"column":25},"end":{"line":109,"column":5}},"line":107}},"branchMap":{"0":{"loc":{"start":{"line":9,"column":4},"end":{"line":11,"column":5}},"type":"if","locations":[{"start":{"line":9,"column":4},"end":{"line":11,"column":5}},{"start":{},"end":{}}],"line":9},"1":{"loc":{"start":{"line":9,"column":8},"end":{"line":9,"column":80}},"type":"binary-expr","locations":[{"start":{"line":9,"column":8},"end":{"line":9,"column":17}},{"start":{"line":9,"column":21},"end":{"line":9,"column":44}},{"start":{"line":9,"column":48},"end":{"line":9,"column":66}},{"start":{"line":9,"column":70},"end":{"line":9,"column":80}}],"line":9},"2":{"loc":{"start":{"line":13,"column":4},"end":{"line":15,"column":5}},"type":"if","locations":[{"start":{"line":13,"column":4},"end":{"line":15,"column":5}},{"start":{},"end":{}}],"line":13},"3":{"loc":{"start":{"line":38,"column":4},"end":{"line":38,"column":74}},"type":"if","locations":[{"start":{"line":38,"column":4},"end":{"line":38,"column":74}},{"start":{},"end":{}}],"line":38},"4":{"loc":{"start":{"line":50,"column":28},"end":{"line":50,"column":51}},"type":"binary-expr","locations":[{"start":{"line":50,"column":28},"end":{"line":50,"column":46}},{"start":{"line":50,"column":50},"end":{"line":50,"column":51}}],"line":50},"5":{"loc":{"start":{"line":83,"column":4},"end":{"line":83,"column":74}},"type":"if","locations":[{"start":{"line":83,"column":4},"end":{"line":83,"column":74}},{"start":{},"end":{}}],"line":83},"6":{"loc":{"start":{"line":84,"column":4},"end":{"line":86,"column":5}},"type":"if","locations":[{"start":{"line":84,"column":4},"end":{"line":86,"column":5}},{"start":{},"end":{}}],"line":84},"7":{"loc":{"start":{"line":90,"column":4},"end":{"line":90,"column":76}},"type":"if","locations":[{"start":{"line":90,"column":4},"end":{"line":90,"column":76}},{"start":{},"end":{}}],"line":90},"8":{"loc":{"start":{"line":108,"column":28},"end":{"line":108,"column":51}},"type":"binary-expr","locations":[{"start":{"line":108,"column":28},"end":{"line":108,"column":46}},{"start":{"line":108,"column":50},"end":{"line":108,"column":51}}],"line":108}},"s":{"0":1,"1":1,"2":1,"3":1,"4":1,"5":0,"6":0,"7":0,"8":0,"9":0,"10":0,"11":0,"12":0,"13":0,"14":0,"15":0,"16":0,"17":0,"18":0,"19":1,"20":0,"21":0,"22":0,"23":0,"24":0,"25":0,"26":0,"27":0,"28":0,"29":0,"30":0,"31":0,"32":0,"33":0,"34":0,"35":0,"36":1,"37":0,"38":0,"39":0,"40":0,"41":0,"42":0,"43":0,"44":0,"45":0,"46":0,"47":0,"48":0,"49":0,"50":0,"51":0,"52":0,"53":0,"54":0,"55":0,"56":0,"57":0,"58":0,"59":0,"60":0,"61":0,"62":0,"63":0,"64":0},"f":{"0":0,"1":0,"2":0,"3":0,"4":0,"5":0,"6":0,"7":0,"8":0},"b":{"0":[0,0],"1":[0,0,0,0],"2":[0,0],"3":[0,0],"4":[0,0],"5":[0,0],"6":[0,0],"7":[0,0],"8":[0,0]},"_coverageSchema":"1a1c01bbd47fc00a2c39e90264f33305004495a9","hash":"5196dfb83e277013c7e79a54ec21485f3fa31fff"}
,"C:\\Users\\sufaira\\Desktop\\test-herogram\\backend\\src\\middleware\\auth.js": {"path":"C:\\Users\\sufaira\\Desktop\\test-herogram\\backend\\src\\middleware\\auth.js","statementMap":{"0":{"start":{"line":1,"column":12},"end":{"line":1,"column":35}},"1":{"start":{"line":2,"column":0},"end":{"line":2,"column":27}},"2":{"start":{"line":5,"column":21},"end":{"line":5,"column":49}},"3":{"start":{"line":6,"column":2},"end":{"line":6,"column":78}},"4":{"start":{"line":6,"column":19},"end":{"line":6,"column":78}},"5":{"start":{"line":8,"column":16},"end":{"line":8,"column":40}},"6":{"start":{"line":9,"column":2},"end":{"line":9,"column":79}},"7":{"start":{"line":9,"column":14},"end":{"line":9,"column":79}},"8":{"start":{"line":11,"column":2},"end":{"line":15,"column":5}},"9":{"start":{"line":12,"column":4},"end":{"line":12,"column":82}},"10":{"start":{"line":12,"column":13},"end":{"line":12,"column":82}},"11":{"start":{"line":13,"column":4},"end":{"line":13,"column":20}},"12":{"start":{"line":14,"column":4},"end":{"line":14,"column":11}},"13":{"start":{"line":18,"column":0},"end":{"line":18,"column":35}}},"fnMap":{"0":{"name":"authenticateToken","decl":{"start":{"line":4,"column":9},"end":{"line":4,"column":26}},"loc":{"start":{"line":4,"column":43},"end":{"line":16,"column":1}},"line":4},"1":{"name":"(anonymous_1)","decl":{"start":{"line":11,"column":44},"end":{"line":11,"column":45}},"loc":{"start":{"line":11,"column":59},"end":{"line":15,"column":3}},"line":11}},"branchMap":{"0":{"loc":{"start":{"line":6,"column":2},"end":{"line":6,"column":78}},"type":"if","locations":[{"start":{"line":6,"column":2},"end":{"line":6,"column":78}},{"start":{},"end":{}}],"line":6},"1":{"loc":{"start":{"line":9,"column":2},"end":{"line":9,"column":79}},"type":"if","locations":[{"start":{"line":9,"column":2},"end":{"line":9,"column":79}},{"start":{},"end":{}}],"line":9},"2":{"loc":{"start":{"line":12,"column":4},"end":{"line":12,"column":82}},"type":"if","locations":[{"start":{"line":12,"column":4},"end":{"line":12,"column":82}},{"start":{},"end":{}}],"line":12}},"s":{"0":1,"1":1,"2":0,"3":0,"4":0,"5":0,"6":0,"7":0,"8":0,"9":0,"10":0,"11":0,"12":0,"13":1},"f":{"0":0,"1":0},"b":{"0":[0,0],"1":[0,0],"2":[0,0]},"_coverageSchema":"1a1c01bbd47fc00a2c39e90264f33305004495a9","hash":"4787ce1feb33eb2feda9df30cf8fee83f6446819"}
,"C:\\Users\\sufaira\\Desktop\\test-herogram\\backend\\src\\routes\\authRoutes.js": {"path":"C:\\Users\\sufaira\\Desktop\\test-herogram\\backend\\src\\routes\\authRoutes.js","statementMap":{"0":{"start":{"line":1,"column":16},"end":{"line":1,"column":34}},"1":{"start":{"line":2,"column":15},"end":{"line":2,"column":31}},"2":{"start":{"line":3,"column":23},"end":{"line":3,"column":63}},"3":{"start":{"line":5,"column":0},"end":{"line":5,"column":52}},"4":{"start":{"line":7,"column":0},"end":{"line":7,"column":24}}},"fnMap":{},"branchMap":{},"s":{"0":1,"1":1,"2":1,"3":1,"4":1},"f":{},"b":{},"_coverageSchema":"1a1c01bbd47fc00a2c39e90264f33305004495a9","hash":"c23a9adc588f847140a062f23ef30cff5e734d8a"}
,"C:\\Users\\sufaira\\Desktop\\test-herogram\\backend\\src\\routes\\pollRoutes.js": {"path":"C:\\Users\\sufaira\\Desktop\\test-herogram\\backend\\src\\routes\\pollRoutes.js","statementMap":{"0":{"start":{"line":1,"column":16},"end":{"line":1,"column":34}},"1":{"start":{"line":2,"column":15},"end":{"line":2,"column":31}},"2":{"start":{"line":3,"column":23},"end":{"line":3,"column":63}},"3":{"start":{"line":4,"column":26},"end":{"line":4,"column":55}},"4":{"start":{"line":6,"column":0},"end":{"line":6,"column":44}},"5":{"start":{"line":7,"column":0},"end":{"line":7,"column":43}},"6":{"start":{"line":8,"column":0},"end":{"line":8,"column":69}},"7":{"start":{"line":10,"column":0},"end":{"line":10,"column":24}}},"fnMap":{},"branchMap":{},"s":{"0":1,"1":1,"2":1,"3":1,"4":1,"5":1,"6":1,"7":1},"f":{},"b":{},"_coverageSchema":"1a1c01bbd47fc00a2c39e90264f33305004495a9","hash":"1b1232b1a85738f6596bc066b911ac8a0c3a1fef"}
,"C:\\Users\\sufaira\\Desktop\\test-herogram\\backend\\src\\services\\rateLimiter.js": {"path":"C:\\Users\\sufaira\\Desktop\\test-herogram\\backend\\src\\services\\rateLimiter.js","statementMap":{"0":{"start":{"line":1,"column":29},"end":{"line":1,"column":61}},"1":{"start":{"line":2,"column":20},"end":{"line":2,"column":44}},"2":{"start":{"line":4,"column":20},"end":{"line":9,"column":2}},"3":{"start":{"line":11,"column":0},"end":{"line":11,"column":29}}},"fnMap":{},"branchMap":{},"s":{"0":1,"1":1,"2":1,"3":1},"f":{},"b":{},"_coverageSchema":"1a1c01bbd47fc00a2c39e90264f33305004495a9","hash":"b2a8714ef755411313cda16859ae449031eefe82"}
,"C:\\Users\\sufaira\\Desktop\\test-herogram\\backend\\src\\services\\redisClient.js": {"path":"C:\\Users\\sufaira\\Desktop\\test-herogram\\backend\\src\\services\\redisClient.js","statementMap":{"0":{"start":{"line":1,"column":25},"end":{"line":1,"column":41}},"1":{"start":{"line":2,"column":0},"end":{"line":2,"column":27}},"2":{"start":{"line":4,"column":20},"end":{"line":6,"column":2}},"3":{"start":{"line":8,"column":0},"end":{"line":8,"column":75}},"4":{"start":{"line":8,"column":33},"end":{"line":8,"column":73}},"5":{"start":{"line":10,"column":0},"end":{"line":12,"column":5}},"6":{"start":{"line":11,"column":2},"end":{"line":11,"column":30}},"7":{"start":{"line":14,"column":0},"end":{"line":14,"column":29}}},"fnMap":{"0":{"name":"(anonymous_0)","decl":{"start":{"line":8,"column":24},"end":{"line":8,"column":25}},"loc":{"start":{"line":8,"column":33},"end":{"line":8,"column":73}},"line":8},"1":{"name":"(anonymous_1)","decl":{"start":{"line":10,"column":1},"end":{"line":10,"column":2}},"loc":{"start":{"line":10,"column":13},"end":{"line":12,"column":1}},"line":10}},"branchMap":{},"s":{"0":1,"1":1,"2":1,"3":1,"4":0,"5":1,"6":1,"7":1},"f":{"0":0,"1":1},"b":{},"_coverageSchema":"1a1c01bbd47fc00a2c39e90264f33305004495a9","hash":"38d7dd95e6dafe6f891ba71bee0a7bc18f62238f"}
}
