TN:
SF:knexfile.js
FNF:0
FNH:0
DA:1,2
DA:3,2
LF:2
LH:2
BRF:0
BRH:0
end_of_record
TN:
SF:src\db.js
FNF:0
FNH:0
DA:1,2
DA:2,2
DA:4,2
DA:5,2
DA:7,2
LF:5
LH:5
BRDA:4,0,0,2
BRDA:4,0,1,0
BRF:2
BRH:1
end_of_record
TN:
SF:src\server.js
FN:44,(anonymous_0)
FN:49,(anonymous_1)
FN:66,(anonymous_2)
FN:73,(anonymous_3)
FNF:4
FNH:1
FNDA:1,(anonymous_0)
FNDA:0,(anonymous_1)
FNDA:0,(anonymous_2)
FNDA:0,(anonymous_3)
DA:1,2
DA:2,2
DA:3,2
DA:4,2
DA:5,2
DA:7,2
DA:8,2
DA:9,2
DA:11,2
DA:12,2
DA:13,2
DA:15,2
DA:16,2
DA:18,2
DA:19,2
DA:24,2
DA:25,2
DA:28,2
DA:33,2
DA:34,2
DA:36,2
DA:38,2
DA:39,0
DA:40,0
DA:41,0
DA:44,2
DA:45,1
DA:49,2
DA:50,0
DA:51,0
DA:52,0
DA:54,0
DA:55,0
DA:59,2
DA:61,2
DA:64,2
DA:66,2
DA:67,0
DA:68,0
DA:71,2
DA:72,2
DA:73,0
DA:74,0
DA:78,2
LF:44
LH:32
BRDA:18,0,0,2
BRDA:18,0,1,0
BRDA:20,1,0,2
BRDA:20,1,1,0
BRDA:21,2,0,2
BRDA:21,2,1,0
BRDA:22,3,0,2
BRDA:22,3,1,0
BRDA:24,4,0,2
BRDA:24,4,1,0
BRDA:25,5,0,2
BRDA:25,5,1,0
BRDA:38,6,0,0
BRDA:38,6,1,2
BRDA:71,7,0,2
BRDA:71,7,1,0
BRDA:72,8,0,0
BRDA:72,8,1,2
BRF:18
BRH:9
end_of_record
TN:
SF:src\ws.js
FN:5,init
FN:8,(anonymous_1)
FN:12,(anonymous_2)
FN:24,(anonymous_3)
FN:30,(anonymous_4)
FN:35,broadcast
FN:37,(anonymous_6)
FNF:7
FNH:1
FNDA:2,init
FNDA:0,(anonymous_1)
FNDA:0,(anonymous_2)
FNDA:0,(anonymous_3)
FNDA:0,(anonymous_4)
FNDA:0,broadcast
FNDA:0,(anonymous_6)
DA:1,2
DA:6,2
DA:8,2
DA:9,0
DA:10,0
DA:12,0
DA:13,0
DA:14,0
DA:15,0
DA:16,0
DA:17,0
DA:20,0
DA:24,0
DA:25,0
DA:26,0
DA:30,2
DA:31,0
DA:36,0
DA:37,0
DA:38,0
DA:39,0
DA:44,2
LF:22
LH:5
BRDA:16,0,0,0
BRDA:16,0,1,0
BRDA:16,1,0,0
BRDA:16,1,1,0
BRDA:36,2,0,0
BRDA:36,2,1,0
BRDA:38,3,0,0
BRDA:38,3,1,0
BRDA:38,4,0,0
BRDA:38,4,1,0
BRF:10
BRH:0
end_of_record
TN:
SF:src\controllers\authController.js
FN:4,(anonymous_0)
FNF:1
FNH:1
FNDA:1,(anonymous_0)
DA:1,2
DA:2,2
DA:4,2
DA:5,1
DA:6,1
DA:9,1
LF:6
LH:6
BRDA:7,0,0,1
BRDA:7,0,1,0
BRF:2
BRH:1
end_of_record
TN:
SF:src\controllers\pollController.js
FN:4,(anonymous_0)
FN:26,(anonymous_1)
FN:36,(anonymous_2)
FN:51,(anonymous_3)
FN:52,(anonymous_4)
FN:61,(anonymous_5)
FN:71,(anonymous_6)
FN:104,(anonymous_7)
FN:105,(anonymous_8)
FNF:9
FNH:2
FNDA:1,(anonymous_0)
FNDA:0,(anonymous_1)
FNDA:1,(anonymous_2)
FNDA:0,(anonymous_3)
FNDA:0,(anonymous_4)
FNDA:0,(anonymous_5)
FNDA:0,(anonymous_6)
FNDA:0,(anonymous_7)
FNDA:0,(anonymous_8)
DA:1,2
DA:2,2
DA:4,2
DA:6,1
DA:7,1
DA:8,1
DA:9,1
DA:10,1
DA:12,1
DA:13,0
DA:15,1
DA:16,1
DA:17,0
DA:21,1
DA:26,0
DA:27,0
DA:29,0
DA:31,1
DA:32,1
DA:36,2
DA:37,1
DA:38,1
DA:40,1
DA:41,0
DA:43,0
DA:45,0
DA:50,0
DA:51,0
DA:52,0
DA:53,0
DA:56,0
DA:61,0
DA:66,0
DA:67,0
DA:71,2
DA:72,0
DA:73,0
DA:74,0
DA:75,0
DA:76,0
DA:77,0
DA:80,0
DA:81,0
DA:82,0
DA:83,0
DA:87,0
DA:88,0
DA:91,0
DA:94,0
DA:101,0
DA:102,0
DA:103,0
DA:104,0
DA:105,0
DA:106,0
DA:108,0
DA:109,0
DA:118,0
DA:120,0
DA:121,0
LF:60
LH:19
BRDA:12,0,0,0
BRDA:12,0,1,1
BRDA:12,1,0,1
BRDA:12,1,1,1
BRDA:12,1,2,1
BRDA:12,1,3,1
BRDA:16,2,0,0
BRDA:16,2,1,1
BRDA:41,3,0,0
BRDA:41,3,1,0
BRDA:53,4,0,0
BRDA:53,4,1,0
BRDA:81,5,0,0
BRDA:81,5,1,0
BRDA:82,6,0,0
BRDA:82,6,1,0
BRDA:88,7,0,0
BRDA:88,7,1,0
BRDA:106,8,0,0
BRDA:106,8,1,0
BRF:20
BRH:6
end_of_record
TN:
SF:src\middleware\auth.js
FN:4,authenticateToken
FN:12,(anonymous_1)
FNF:2
FNH:0
FNDA:0,authenticateToken
FNDA:0,(anonymous_1)
DA:1,2
DA:2,2
DA:5,0
DA:6,0
DA:7,0
DA:9,0
DA:10,0
DA:12,0
DA:13,0
DA:14,0
DA:15,0
DA:19,2
LF:12
LH:3
BRDA:7,0,0,0
BRDA:7,0,1,0
BRDA:10,1,0,0
BRDA:10,1,1,0
BRDA:13,2,0,0
BRDA:13,2,1,0
BRF:6
BRH:0
end_of_record
TN:
SF:src\middleware\metricsMiddleware.js
FN:40,metricsMiddleware
FN:44,(anonymous_1)
FNF:2
FNH:0
FNDA:0,metricsMiddleware
FNDA:0,(anonymous_1)
DA:1,2
DA:3,2
DA:5,2
DA:8,2
DA:16,2
DA:23,2
DA:30,2
DA:35,2
DA:36,2
DA:37,2
DA:38,2
DA:41,0
DA:42,0
DA:44,0
DA:45,0
DA:46,0
DA:51,0
DA:52,0
DA:53,0
DA:55,0
DA:56,0
DA:60,0
DA:63,2
LF:23
LH:12
BRDA:45,0,0,0
BRDA:45,0,1,0
BRDA:55,1,0,0
BRDA:55,1,1,0
BRF:4
BRH:0
end_of_record
TN:
SF:src\routes\authRoutes.js
FNF:0
FNH:0
DA:1,2
DA:2,2
DA:3,2
DA:5,2
DA:7,2
LF:5
LH:5
BRF:0
BRH:0
end_of_record
TN:
SF:src\routes\pollRoutes.js
FNF:0
FNH:0
DA:1,2
DA:2,2
DA:3,2
DA:4,2
DA:5,2
DA:7,2
DA:8,2
DA:9,2
DA:10,2
DA:12,2
DA:13,2
DA:14,2
DA:16,2
LF:13
LH:13
BRF:0
BRH:0
end_of_record
TN:
SF:src\services\rateLimiter.js
FN:12,(anonymous_0)
FN:17,(anonymous_1)
FN:18,(anonymous_2)
FNF:3
FNH:0
FNDA:0,(anonymous_0)
FNDA:0,(anonymous_1)
FNDA:0,(anonymous_2)
DA:1,2
DA:2,2
DA:4,2
DA:12,2
DA:13,0
DA:14,0
DA:15,0
DA:17,0
DA:19,0
DA:20,0
DA:24,2
LF:11
LH:5
BRDA:13,0,0,0
BRDA:13,0,1,0
BRF:2
BRH:0
end_of_record
TN:
SF:src\services\redisClient.js
FN:23,(anonymous_0)
FN:27,(anonymous_1)
FNF:2
FNH:0
FNDA:0,(anonymous_0)
FNDA:0,(anonymous_1)
DA:17,1
DA:18,1
DA:20,1
DA:22,1
DA:23,0
DA:24,0
DA:27,0
DA:28,0
DA:32,1
LF:9
LH:5
BRDA:22,0,0,0
BRDA:22,0,1,1
BRF:2
BRH:1
end_of_record
